#
# There is insufficient memory for the Java Runtime Environment to continue.
# Native memory allocation (mmap) failed to map 132120576 bytes for G1 virtual space
# Possible reasons:
#   The system is out of physical RAM or swap space
#   The process is running with CompressedOops enabled, and the Java Heap may be blocking the growth of the native heap
# Possible solutions:
#   Reduce memory load on the system
#   Increase physical memory or swap space
#   Check if swap backing store is full
#   Decrease Java heap size (-Xmx/-Xms)
#   Decrease number of Java threads
#   Decrease Java thread stack sizes (-Xss)
#   Set larger code cache with -XX:ReservedCodeCacheSize=
#   JVM is running with Unscaled Compressed Oops mode in which the Java heap is
#     placed in the first 4GB address space. The Java Heap base address is the
#     maximum limit for the native heap growth. Please use -XX:HeapBaseMinAddress
#     to set the Java Heap base and to place the Java Heap above 4GB virtual address.
# This output file may be truncated or incomplete.
#
#  Out of Memory Error (os_windows.cpp:3600), pid=12324, tid=1592
#
# JRE version:  (21.0.2+13) (build )
# Java VM: Java HotSpot(TM) 64-Bit Server VM (21.0.2+13-LTS-58, mixed mode, sharing, tiered, compressed oops, compressed class ptrs, g1 gc, windows-amd64)
# No core dump will be written. Minidumps are not enabled by default on client versions of Windows
#

---------------  S U M M A R Y ------------

Command Line: -Dfile.encoding=UTF-8 -Dstdout.encoding=UTF-8 -Dstderr.encoding=UTF-8 -XX:+ShowCodeDetailsInExceptionMessages gym2025_project.main

Host: Intel(R) Core(TM) i5-10210U CPU @ 1.60GHz, 8 cores, 7G,  Windows 10 , 64 bit Build 19041 (10.0.19041.5198)
Time: Wed Jan  1 17:08:21 2025 West Bank Gaza Standard Time elapsed time: 0.015837 seconds (0d 0h 0m 0s)

---------------  T H R E A D  ---------------

Current thread (0x000002665247d810):  JavaThread "Unknown thread" [_thread_in_vm, id=1592, stack(0x00000096f9e00000,0x00000096f9f00000) (1024K)]

Stack: [0x00000096f9e00000,0x00000096f9f00000]
Native frames: (J=compiled Java code, j=interpreted, Vv=VM code, C=native code)
V  [jvm.dll+0x6cade9]
V  [jvm.dll+0x8569c1]
V  [jvm.dll+0x858d2e]
V  [jvm.dll+0x859413]
V  [jvm.dll+0x280e56]
V  [jvm.dll+0x6c74d5]
V  [jvm.dll+0x6bbeca]
V  [jvm.dll+0x355bca]
V  [jvm.dll+0x35d816]
V  [jvm.dll+0x3ae67e]
V  [jvm.dll+0x3ae928]
V  [jvm.dll+0x3295dc]
V  [jvm.dll+0x32a16b]
V  [jvm.dll+0x81efa9]
V  [jvm.dll+0x3bba01]
V  [jvm.dll+0x807928]
V  [jvm.dll+0x44f50e]
V  [jvm.dll+0x450e11]
C  [jli.dll+0x52a3]
C  [ucrtbase.dll+0x21bb2]
C  [KERNEL32.DLL+0x17374]
C  [ntdll.dll+0x4cc91]


---------------  P R O C E S S  ---------------

Threads class SMR info:
_java_thread_list=0x00007ffcf01cbb88, length=0, elements={
}

Java Threads: ( => current thread )
Total: 0

Other Threads:
  0x0000026654695640 WorkerThread "GC Thread#0"                     [id=9220, stack(0x00000096f9f00000,0x00000096fa000000) (1024K)]
  0x00000266546e6010 ConcurrentGCThread "G1 Main Marker"            [id=4800, stack(0x00000096fa000000,0x00000096fa100000) (1024K)]
  0x00000266546e6a20 WorkerThread "G1 Conc#0"                       [id=12768, stack(0x00000096fa100000,0x00000096fa200000) (1024K)]

[error occurred during error reporting (printing all threads), id 0xc0000005, EXCEPTION_ACCESS_VIOLATION (0xc0000005) at pc=0x00007ffcef93c6a7]
VM state: not at safepoint (not fully initialized)

VM Mutex/Monitor currently owned by a thread:  ([mutex/lock_event])
[0x00007ffcf023ce68] Heap_lock - owner thread: 0x000002665247d810

Heap address: 0x0000000083000000, size: 2000 MB, Compressed Oops mode: 32-bit

CDS archive(s) mapped at: [0x0000000000000000-0x0000000000000000-0x0000000000000000), size 0, SharedBaseAddress: 0x0000000800000000, ArchiveRelocationMode: 1.
Narrow klass base: 0x0000000000000000, Narrow klass shift: 0, Narrow klass range: 0x0

GC Precious Log:
 CardTable entry size: 512
 Card Set container configuration: InlinePtr #cards 5 size 8 Array Of Cards #cards 12 size 40 Howl #buckets 4 coarsen threshold 1843 Howl Bitmap #cards 512 size 80 coarsen threshold 460 Card regions per heap region 1 cards per card region 2048

Heap:
 garbage-first heap   total 0K, used 0K [0x0000000083000000, 0x0000000100000000)
  region size 1024K, 0 young (0K), 0 survivors (0K)

[error occurred during error reporting (printing heap information), id 0xc0000005, EXCEPTION_ACCESS_VIOLATION (0xc0000005) at pc=0x00007ffcefd239f9]
GC Heap History (0 events):
No events

Dll operation events (1 events):
Event: 0.008 Loaded shared library C:\Program Files\Java\jdk-21\bin\java.dll

Deoptimization events (0 events):
No events

Classes loaded (0 events):
No events

Classes unloaded (0 events):
No events

Classes redefined (0 events):
No events

Internal exceptions (0 events):
No events

ZGC Phase Switch (0 events):
No events

VM Operations (0 events):
No events

Events (0 events):
No events


Dynamic libraries:
0x00007ff6984f0000 - 0x00007ff698500000 	C:\Program Files\Java\jdk-21\bin\javaw.exe
0x00007ffd8aaf0000 - 0x00007ffd8ace8000 	C:\Windows\SYSTEM32\ntdll.dll
0x00007ffd53320000 - 0x00007ffd5333a000 	C:\Program Files\AVG\Antivirus\aswhook.dll
0x00007ffd895d0000 - 0x00007ffd89692000 	C:\Windows\System32\KERNEL32.DLL
0x00007ffd883f0000 - 0x00007ffd886ee000 	C:\Windows\System32\KERNELBASE.dll
0x00007ffd881c0000 - 0x00007ffd882c0000 	C:\Windows\System32\ucrtbase.dll
0x00007ffd83d80000 - 0x00007ffd83d9b000 	C:\Program Files\Java\jdk-21\bin\VCRUNTIME140.dll
0x00007ffd840a0000 - 0x00007ffd840b9000 	C:\Program Files\Java\jdk-21\bin\jli.dll
0x00007ffd89a00000 - 0x00007ffd89ab1000 	C:\Windows\System32\ADVAPI32.dll
0x00007ffd88d70000 - 0x00007ffd88e0e000 	C:\Windows\System32\msvcrt.dll
0x00007ffd89430000 - 0x00007ffd894cf000 	C:\Windows\System32\sechost.dll
0x00007ffd89ac0000 - 0x00007ffd89be3000 	C:\Windows\System32\RPCRT4.dll
0x00007ffd88190000 - 0x00007ffd881b7000 	C:\Windows\System32\bcrypt.dll
0x00007ffd88e20000 - 0x00007ffd88fbd000 	C:\Windows\System32\USER32.dll
0x00007ffd886f0000 - 0x00007ffd88712000 	C:\Windows\System32\win32u.dll
0x00007ffd6d9a0000 - 0x00007ffd6dc3a000 	C:\Windows\WinSxS\amd64_microsoft.windows.common-controls_6595b64144ccf1df_6.0.19041.4355_none_60b8b9eb71f62e16\COMCTL32.dll
0x00007ffd8a440000 - 0x00007ffd8a46b000 	C:\Windows\System32\GDI32.dll
0x00007ffd88820000 - 0x00007ffd88937000 	C:\Windows\System32\gdi32full.dll
0x00007ffd88350000 - 0x00007ffd883ed000 	C:\Windows\System32\msvcp_win.dll
0x00007ffd81bd0000 - 0x00007ffd81bda000 	C:\Windows\SYSTEM32\VERSION.dll
0x00007ffd88fc0000 - 0x00007ffd88fef000 	C:\Windows\System32\IMM32.DLL
0x00007ffd84170000 - 0x00007ffd8417c000 	C:\Program Files\Java\jdk-21\bin\vcruntime140_1.dll
0x00007ffd6b670000 - 0x00007ffd6b6fe000 	C:\Program Files\Java\jdk-21\bin\msvcp140.dll
0x00007ffcef600000 - 0x00007ffcf0317000 	C:\Program Files\Java\jdk-21\bin\server\jvm.dll
0x00007ffd89530000 - 0x00007ffd8959b000 	C:\Windows\System32\WS2_32.dll
0x00007ffd87ac0000 - 0x00007ffd87b0b000 	C:\Windows\SYSTEM32\POWRPROF.dll
0x00007ffd795d0000 - 0x00007ffd795f7000 	C:\Windows\SYSTEM32\WINMM.dll
0x00007ffd87980000 - 0x00007ffd87992000 	C:\Windows\SYSTEM32\UMPDC.dll
0x00007ffd869b0000 - 0x00007ffd869c2000 	C:\Windows\SYSTEM32\kernel.appcore.dll
0x00007ffd84090000 - 0x00007ffd8409a000 	C:\Program Files\Java\jdk-21\bin\jimage.dll
0x00007ffd85f10000 - 0x00007ffd860f4000 	C:\Windows\SYSTEM32\DBGHELP.DLL
0x00007ffd7e320000 - 0x00007ffd7e354000 	C:\Windows\SYSTEM32\dbgcore.DLL
0x00007ffd882c0000 - 0x00007ffd88342000 	C:\Windows\System32\bcryptPrimitives.dll
0x00007ffd83cc0000 - 0x00007ffd83cdf000 	C:\Program Files\Java\jdk-21\bin\java.dll

dbghelp: loaded successfully - version: 4.0.5 - missing functions: none
symbol engine: initialized successfully - sym options: 0x614 - pdb path: .;C:\Program Files\Java\jdk-21\bin;C:\Windows\SYSTEM32;C:\Program Files\AVG\Antivirus;C:\Windows\WinSxS\amd64_microsoft.windows.common-controls_6595b64144ccf1df_6.0.19041.4355_none_60b8b9eb71f62e16;C:\Program Files\Java\jdk-21\bin\server

VM Arguments:
jvm_args: -Dfile.encoding=UTF-8 -Dstdout.encoding=UTF-8 -Dstderr.encoding=UTF-8 -XX:+ShowCodeDetailsInExceptionMessages 
java_command: gym2025_project.main
java_class_path (initial): C:\Users\Msys\eclipse-workspace\gym2025_project\target\classes;C:\Users\Msys\.m2\repository\org\apiguardian\apiguardian-api\1.1.2\apiguardian-api-1.1.2.jar;C:\Users\Msys\.m2\repository\io\cucumber\cucumber-java\7.3.4\cucumber-java-7.3.4.jar;C:\Users\Msys\.m2\repository\io\cucumber\cucumber-core\7.3.4\cucumber-core-7.3.4.jar;C:\Users\Msys\.m2\repository\io\cucumber\cucumber-gherkin\7.3.4\cucumber-gherkin-7.3.4.jar;C:\Users\Msys\.m2\repository\io\cucumber\cucumber-gherkin-messages\7.3.4\cucumber-gherkin-messages-7.3.4.jar;C:\Users\Msys\.m2\repository\io\cucumber\gherkin\23.0.1\gherkin-23.0.1.jar;C:\Users\Msys\.m2\repository\io\cucumber\messages\18.0.0\messages-18.0.0.jar;C:\Users\Msys\.m2\repository\io\cucumber\tag-expressions\4.1.0\tag-expressions-4.1.0.jar;C:\Users\Msys\.m2\repository\io\cucumber\cucumber-expressions\15.1.1\cucumber-expressions-15.1.1.jar;C:\Users\Msys\.m2\repository\io\cucumber\datatable\7.3.4\datatable-7.3.4.jar;C:\Users\Msys\.m2\repository\io\cucumber\cucumber-plugin\7.3.4\cucumber-plugin-7.3.4.jar;C:\Users\Msys\.m2\repository\io\cucumber\docstring\7.3.4\docstring-7.3.4.jar;C:\Users\Msys\.m2\repository\io\cucumber\html-formatter\19.1.0\html-formatter-19.1.0.jar;C:\Users\Msys\.m2\repository\io\cucumber\ci-environment\9.0.4\ci-environment-9.0.4.jar
Launcher Type: SUN_STANDARD

[Global flags]
     intx CICompilerCount                          = 4                                         {product} {ergonomic}
     uint ConcGCThreads                            = 2                                         {product} {ergonomic}
     uint G1ConcRefinementThreads                  = 8                                         {product} {ergonomic}
   size_t G1HeapRegionSize                         = 1048576                                   {product} {ergonomic}
    uintx GCDrainStackTargetSize                   = 64                                        {product} {ergonomic}
   size_t InitialHeapSize                          = 132120576                                 {product} {ergonomic}
   size_t MarkStackSize                            = 4194304                                   {product} {ergonomic}
   size_t MaxHeapSize                              = 2097152000                                {product} {ergonomic}
   size_t MinHeapDeltaBytes                        = 1048576                                   {product} {ergonomic}
   size_t MinHeapSize                              = 8388608                                   {product} {ergonomic}
    uintx NonNMethodCodeHeapSize                   = 5839372                                {pd product} {ergonomic}
    uintx NonProfiledCodeHeapSize                  = 122909434                              {pd product} {ergonomic}
    uintx ProfiledCodeHeapSize                     = 122909434                              {pd product} {ergonomic}
    uintx ReservedCodeCacheSize                    = 251658240                              {pd product} {ergonomic}
     bool SegmentedCodeCache                       = true                                      {product} {ergonomic}
     bool ShowCodeDetailsInExceptionMessages       = true                                   {manageable} {command line}
   size_t SoftMaxHeapSize                          = 2097152000                             {manageable} {ergonomic}
     bool UseCompressedOops                        = true                           {product lp64_product} {ergonomic}
     bool UseG1GC                                  = true                                      {product} {ergonomic}
     bool UseLargePagesIndividualAllocation        = false                                  {pd product} {ergonomic}

Logging:
Log output configuration:
 #0: stdout all=warning uptime,level,tags foldmultilines=false
 #1: stderr all=off uptime,level,tags foldmultilines=false

Environment Variables:
PATH=C:\Program Files\Common Files\Oracle\Java\javapath;C:\Windows\system32;C:\Windows;C:\Windows\System32\Wbem;C:\Windows\System32\WindowsPowerShell\v1.0\;C:\Windows\System32\OpenSSH\;C:\Program Files\dotnet\;C:\Program Files (x86)\IVI Foundation\VISA\WinNT\Bin\;C:\Program Files\IVI Foundation\VISA\Win64\Bin\;C:\Program Files (x86)\IVI Foundation\VISA\WinNT\Bin;C:\Program Files (x86)\Microchip\xc8\v1.45\bin;C:\Program Files\Git\cmd;C:\Users\Msys\AppData\Local\Microsoft\WindowsApps;
USERNAME=Msys
OS=Windows_NT
PROCESSOR_IDENTIFIER=Intel64 Family 6 Model 166 Stepping 0, GenuineIntel
TMP=C:\Users\Msys\AppData\Local\Temp
TEMP=C:\Users\Msys\AppData\Local\Temp




Periodic native trim disabled

---------------  S Y S T E M  ---------------

OS:
 Windows 10 , 64 bit Build 19041 (10.0.19041.5198)
OS uptime: 0 days 2:57 hours

CPU: total 8 (initial active 8) (4 cores per cpu, 2 threads per core) family 6 model 166 stepping 0 microcode 0xe0, cx8, cmov, fxsr, ht, mmx, 3dnowpref, sse, sse2, sse3, ssse3, sse4.1, sse4.2, popcnt, lzcnt, tsc, tscinvbit, avx, avx2, aes, erms, clmul, bmi1, bmi2, adx, fma, vzeroupper, clflush, clflushopt, rdtscp, f16c
Processor Information for processor 0
  Max Mhz: 2112, Current Mhz: 1408, Mhz Limit: 1605
Processor Information for processor 1
  Max Mhz: 2112, Current Mhz: 1408, Mhz Limit: 1605
Processor Information for processor 2
  Max Mhz: 2112, Current Mhz: 1609, Mhz Limit: 1605
Processor Information for processor 3
  Max Mhz: 2112, Current Mhz: 1408, Mhz Limit: 1605
Processor Information for processor 4
  Max Mhz: 2112, Current Mhz: 1609, Mhz Limit: 1605
Processor Information for processor 5
  Max Mhz: 2112, Current Mhz: 1408, Mhz Limit: 1605
Processor Information for processor 6
  Max Mhz: 2112, Current Mhz: 1408, Mhz Limit: 1605
Processor Information for processor 7
  Max Mhz: 2112, Current Mhz: 1408, Mhz Limit: 1605

Memory: 4k page, system-wide physical 7996M (1907M free)
TotalPageFile size 11081M (AvailPageFile size 57M)
current process WorkingSet (physical memory assigned to process): 10M, peak: 10M
current process commit charge ("private bytes"): 60M, peak: 186M

vm_info: Java HotSpot(TM) 64-Bit Server VM (21.0.2+13-LTS-58) for windows-amd64 JRE (21.0.2+13-LTS-58), built on 2024-01-05T18:32:24Z by "mach5one" with MS VC++ 17.1 (VS2022)

END.
